<?xml version="1.0" encoding="UTF-8"?>
<!--

    Copyright (C) 2008 University of Pittsburgh
    
    
    This file is part of Open EpiCenter
    
        Open EpiCenter is free software: you can redistribute it and/or modify
        it under the terms of the GNU General Public License as published by
        the Free Software Foundation, either version 3 of the License, or
        (at your option) any later version.
    
        Open EpiCenter is distributed in the hope that it will be useful,
        but WITHOUT ANY WARRANTY; without even the implied warranty of
        MERCHANTABILITY or FITNESS FOR A PARTICULAR PURPOSE.  See the
        GNU General Public License for more details.
    
        You should have received a copy of the GNU General Public License
        along with Open EpiCenter.  If not, see <http://www.gnu.org/licenses/>.
    
    
      

-->
<beans xmlns="http://www.springframework.org/schema/beans"
	xmlns:xsi="http://www.w3.org/2001/XMLSchema-instance"
	xmlns:tx="http://www.springframework.org/schema/tx"
	xmlns:context="http://www.springframework.org/schema/context"
	xsi:schemaLocation="
                http://www.springframework.org/schema/beans http://www.springframework.org/schema/beans/spring-beans-2.5.xsd 
                http://www.springframework.org/schema/context http://www.springframework.org/schema/context/spring-context-2.5.xsd
                http://www.springframework.org/schema/tx http://www.springframework.org/schema/tx/spring-tx-2.5.xsd">

	<context:annotation-config />
	
	<context:component-scan base-package="com.hmsinc.epicenter.webapp">
		<context:exclude-filter type="annotation" expression="org.springframework.stereotype.Controller" />
	</context:component-scan>
	
	
	<bean id="applicationProperties" class="org.springframework.beans.factory.config.PropertiesFactoryBean" />
	
	
	<!-- JPA (Hibernate EJB3 EntityManager) Data Access -->
	<bean id="dataSource" class="org.apache.derby.jdbc.EmbeddedDataSource">
		<property name="createDatabase" value="create" />
		<property name="databaseName" value="target/testdb" />
	</bean>

	<bean id="entityManagerFactory" class="org.springframework.orm.jpa.LocalContainerEntityManagerFactoryBean">
		<property name="dataSource" ref="dataSource" />
		<property name="jpaVendorAdapter">
			<bean class="org.springframework.orm.jpa.vendor.HibernateJpaVendorAdapter">
				<property name="databasePlatform" value="org.hibernate.dialect.DerbyDialect" />
				<property name="showSql" value="true" />
				<property name="generateDdl" value="false" />
			</bean>
		</property>
		<property name="persistenceUnitName" value="epicenter-model" />
		<property name="jpaProperties">
			<props>
				<prop key="hibernate.hbm2ddl.auto">create-drop</prop>
			</props>
		</property>
	</bean>

	<bean id="transactionManager" class="org.springframework.orm.jpa.JpaTransactionManager">
		<property name="entityManagerFactory" ref="entityManagerFactory" />
		<property name="dataSource" ref="dataSource" />
	</bean>

	<bean class="org.springframework.orm.jpa.support.PersistenceAnnotationBeanPostProcessor" />

	<bean class="org.springframework.dao.annotation.PersistenceExceptionTranslationPostProcessor" />
	
	
	<!-- EpiCenter Repository -->
	<import resource="classpath:epicenter-repository-beans.xml" />
	
	
	<!-- Standard Services -->
	<import resource="classpath:epicenter-service-beans.xml" />
	
	
	<!-- Spatial Scan -->
	<import resource="classpath:epicenter-spatial-beans.xml" />
	
	
	<!-- Remoting Services -->
	<import resource="classpath:epicenter-remoting-beans.xml" />

	
	<!-- Surveillance -->
	<import resource="classpath:epicenter-surveillance-beans.xml" />
	
</beans>