<?xml version="1.0" encoding="UTF-8"?>
<!--

    Copyright (C) 2008 University of Pittsburgh
    
    
    This file is part of Open EpiCenter
    
        Open EpiCenter is free software: you can redistribute it and/or modify
        it under the terms of the GNU General Public License as published by
        the Free Software Foundation, either version 3 of the License, or
        (at your option) any later version.
    
        Open EpiCenter is distributed in the hope that it will be useful,
        but WITHOUT ANY WARRANTY; without even the implied warranty of
        MERCHANTABILITY or FITNESS FOR A PARTICULAR PURPOSE.  See the
        GNU General Public License for more details.
    
        You should have received a copy of the GNU General Public License
        along with Open EpiCenter.  If not, see <http://www.gnu.org/licenses/>.
    
    
      

-->
<beans xmlns="http://www.springframework.org/schema/beans"
	xmlns:xsi="http://www.w3.org/2001/XMLSchema-instance"
	xmlns:context="http://www.springframework.org/schema/context"
	xmlns:util="http://www.springframework.org/schema/util"
	xsi:schemaLocation="
                http://www.springframework.org/schema/beans http://www.springframework.org/schema/beans/spring-beans-2.5.xsd 
				http://www.springframework.org/schema/context http://www.springframework.org/schema/context/spring-context-2.5.xsd
				http://www.springframework.org/schema/util http://www.springframework.org/schema/util/spring-util-2.5.xsd">

	<context:annotation-config />
	
	<context:property-placeholder location="classpath:epicenter.properties" />
	
	
	<!-- Surveillance -->
	<import resource="classpath:epicenter-notification-beans.xml" />
	
	<bean id="mailSender" class="com.hmsinc.epicenter.surveillance.notification.MockJavaMailSender">
		<property name="host" value="localhost" />
	</bean>
</beans>
